current directory: /Users/shivammahajan/grape/grape/grape/.bundl/ruby/3.0.0/gems/msgpack-1.4.5/ext/msgpack
/Users/shivammahajan/.rbenv/versions/3.0.3/bin/ruby -I /Users/shivammahajan/.rbenv/versions/3.0.3/lib/ruby/3.0.0 -r ./siteconf20220321-5498-chhtnm.rb extconf.rb
checking for ruby/st.h... yes
checking for st.h... no
checking for rb_enc_interned_str() in ruby.h... yes
creating Makefile

current directory: /Users/shivammahajan/grape/grape/grape/.bundl/ruby/3.0.0/gems/msgpack-1.4.5/ext/msgpack
make DESTDIR\= clean

current directory: /Users/shivammahajan/grape/grape/grape/.bundl/ruby/3.0.0/gems/msgpack-1.4.5/ext/msgpack
make DESTDIR\=
compiling buffer.c
compiling buffer_class.c
compiling extension_value_class.c
compiling factory_class.c
compiling packer.c
compiling packer_class.c
compiling packer_ext_registry.c
compiling rbinit.c
compiling rmem.c
compiling unpacker.c
compiling unpacker_class.c
compiling unpacker_ext_registry.c
linking shared-object msgpack/msgpack.bundle

current directory: /Users/shivammahajan/grape/grape/grape/.bundl/ruby/3.0.0/gems/msgpack-1.4.5/ext/msgpack
make DESTDIR\= install
/usr/bin/install -c -m 0755 msgpack.bundle ./.gem.20220321-5498-dz2v0p/msgpack
